<?xml version="1.0" encoding="UTF-8"?>
<testng-results ignored="0" total="4" passed="4" failed="0" skipped="0">
  <reporter-output>
  </reporter-output>
  <suite started-at="2026-01-02T11:14:31 IST" name="Suite" finished-at="2026-01-02T11:15:03 IST" duration-ms="32778">
    <groups>
      <group name="Purchase">
        <method signature="SubmitOrderTest.submitOrder(java.util.HashMap)[pri:0, instance:rahulshettyacademy.tests.SubmitOrderTest@1b919693]" name="submitOrder" class="rahulshettyacademy.tests.SubmitOrderTest"/>
      </group> <!-- Purchase -->
      <group name="ErrorHandling">
        <method signature="ErrorValidationsTest.loginErrorValidation()[pri:0, instance:rahulshettyacademy.tests.ErrorValidationsTest@2a693f59]" name="loginErrorValidation" class="rahulshettyacademy.tests.ErrorValidationsTest"/>
      </group> <!-- ErrorHandling -->
    </groups>
    <test started-at="2026-01-02T11:14:31 IST" name="Error Validations Test" finished-at="2026-01-02T11:14:40 IST" duration-ms="9454">
      <class name="rahulshettyacademy.tests.ErrorValidationsTest">
        <test-method is-config="true" signature="launchApplication()[pri:0, instance:rahulshettyacademy.tests.ErrorValidationsTest@2a693f59]" started-at="2026-01-02T11:14:31 IST" name="launchApplication" finished-at="2026-01-02T11:14:39 IST" duration-ms="8905" status="PASS">
          <reporter-output>
          </reporter-output>
        </test-method> <!-- launchApplication -->
        <test-method signature="loginErrorValidation()[pri:0, instance:rahulshettyacademy.tests.ErrorValidationsTest@2a693f59]" started-at="2026-01-02T11:14:39 IST" name="loginErrorValidation" finished-at="2026-01-02T11:14:40 IST" duration-ms="365" status="PASS">
          <reporter-output>
          </reporter-output>
        </test-method> <!-- loginErrorValidation -->
        <test-method is-config="true" signature="tearDown()[pri:0, instance:rahulshettyacademy.tests.ErrorValidationsTest@2a693f59]" started-at="2026-01-02T11:14:40 IST" name="tearDown" finished-at="2026-01-02T11:14:40 IST" duration-ms="153" status="PASS">
          <reporter-output>
          </reporter-output>
        </test-method> <!-- tearDown -->
      </class> <!-- rahulshettyacademy.tests.ErrorValidationsTest -->
    </test> <!-- Error Validations Test -->
    <test started-at="2026-01-02T11:14:31 IST" name="Submit Order Test" finished-at="2026-01-02T11:15:03 IST" duration-ms="32778">
      <class name="rahulshettyacademy.tests.SubmitOrderTest">
        <test-method is-config="true" signature="launchApplication()[pri:0, instance:rahulshettyacademy.tests.SubmitOrderTest@1b919693]" started-at="2026-01-02T11:14:31 IST" name="launchApplication" finished-at="2026-01-02T11:14:39 IST" duration-ms="8455" status="PASS">
          <reporter-output>
          </reporter-output>
        </test-method> <!-- launchApplication -->
        <test-method signature="submitOrder(java.util.HashMap)[pri:0, instance:rahulshettyacademy.tests.SubmitOrderTest@1b919693]" started-at="2026-01-02T11:14:39 IST" name="submitOrder" data-provider="getData" finished-at="2026-01-02T11:14:42 IST" duration-ms="3004" status="PASS">
          <params>
            <param index="0">
              <value>
                <![CDATA[{pwd=Deeps@1995, email=deeps1995@gmail.com, productName=ADIDAS ORIGINAL}]]>
              </value>
            </param>
          </params>
          <reporter-output>
          </reporter-output>
        </test-method> <!-- submitOrder -->
        <test-method is-config="true" signature="tearDown()[pri:0, instance:rahulshettyacademy.tests.SubmitOrderTest@1b919693]" started-at="2026-01-02T11:14:42 IST" name="tearDown" finished-at="2026-01-02T11:14:42 IST" duration-ms="143" status="PASS">
          <reporter-output>
          </reporter-output>
        </test-method> <!-- tearDown -->
        <test-method is-config="true" signature="launchApplication()[pri:0, instance:rahulshettyacademy.tests.SubmitOrderTest@1b919693]" started-at="2026-01-02T11:14:42 IST" name="launchApplication" finished-at="2026-01-02T11:14:51 IST" duration-ms="8674" status="PASS">
          <reporter-output>
          </reporter-output>
        </test-method> <!-- launchApplication -->
        <test-method signature="submitOrder(java.util.HashMap)[pri:0, instance:rahulshettyacademy.tests.SubmitOrderTest@1b919693]" started-at="2026-01-02T11:14:51 IST" name="submitOrder" data-provider="getData" finished-at="2026-01-02T11:14:54 IST" duration-ms="2766" status="PASS">
          <params>
            <param index="0">
              <value>
                <![CDATA[{pwd=Ash@1992, email=asha1992@gmail.com, productName=ZARA COAT 3}]]>
              </value>
            </param>
          </params>
          <reporter-output>
          </reporter-output>
        </test-method> <!-- submitOrder -->
        <test-method is-config="true" signature="tearDown()[pri:0, instance:rahulshettyacademy.tests.SubmitOrderTest@1b919693]" started-at="2026-01-02T11:14:54 IST" name="tearDown" finished-at="2026-01-02T11:14:54 IST" duration-ms="141" status="PASS">
          <reporter-output>
          </reporter-output>
        </test-method> <!-- tearDown -->
        <test-method is-config="true" signature="launchApplication()[pri:0, instance:rahulshettyacademy.tests.SubmitOrderTest@1b919693]" started-at="2026-01-02T11:14:54 IST" name="launchApplication" finished-at="2026-01-02T11:15:02 IST" duration-ms="8443" status="PASS">
          <reporter-output>
          </reporter-output>
        </test-method> <!-- launchApplication -->
        <test-method signature="orderHistoryTest()[pri:0, instance:rahulshettyacademy.tests.SubmitOrderTest@1b919693]" started-at="2026-01-02T11:15:02 IST" name="orderHistoryTest" finished-at="2026-01-02T11:15:03 IST" depends-on-methods="rahulshettyacademy.tests.SubmitOrderTest.submitOrder" duration-ms="776" status="PASS">
          <reporter-output>
          </reporter-output>
        </test-method> <!-- orderHistoryTest -->
        <test-method is-config="true" signature="tearDown()[pri:0, instance:rahulshettyacademy.tests.SubmitOrderTest@1b919693]" started-at="2026-01-02T11:15:03 IST" name="tearDown" finished-at="2026-01-02T11:15:03 IST" duration-ms="183" status="PASS">
          <reporter-output>
          </reporter-output>
        </test-method> <!-- tearDown -->
      </class> <!-- rahulshettyacademy.tests.SubmitOrderTest -->
    </test> <!-- Submit Order Test -->
  </suite> <!-- Suite -->
</testng-results>
