<?xml version="1.0" encoding="UTF-8"?>
<!-- Generated by org.testng.reporters.JUnitReportReporter -->
<testsuite hostname="Deepa_Mattur" failures="0" tests="3" name="rahulshettyacademy.tests.SubmitOrderTest" time="29.399" errors="0" timestamp="2026-01-03T19:42:12 IST" skipped="0">
  <testcase classname="rahulshettyacademy.tests.SubmitOrderTest" name="submitOrder" time="10.218"/>
  <testcase classname="rahulshettyacademy.tests.SubmitOrderTest" name="submitOrder" time="12.711"/>
  <testcase classname="rahulshettyacademy.tests.SubmitOrderTest" name="orderHistoryTest" time="6.470"/>
</testsuite> <!-- rahulshettyacademy.tests.SubmitOrderTest -->
