<?xml version="1.0" encoding="UTF-8"?>
<!-- Generated by org.testng.reporters.JUnitReportReporter -->
<testsuite hostname="Deepa_Mattur" failures="0" tests="3" name="rahulshettyacademy.tests.SubmitOrderTest" time="32.585" errors="0" timestamp="2026-01-02T11:15:04 IST" skipped="0">
  <testcase classname="rahulshettyacademy.tests.SubmitOrderTest" name="orderHistoryTest" time="9.402"/>
  <testcase classname="rahulshettyacademy.tests.SubmitOrderTest" name="submitOrder" time="11.819"/>
  <testcase classname="rahulshettyacademy.tests.SubmitOrderTest" name="submitOrder" time="11.364"/>
</testsuite> <!-- rahulshettyacademy.tests.SubmitOrderTest -->
